<?xml version="1.0" encoding="UTF-8"?>
<!-- Generated by org.testng.reporters.JUnitXMLReporter -->
<testsuite ignored="0" hostname="DESKTOP-4GSVHLM" failures="0" tests="6" name="Default test" time="0.223" errors="0" timestamp="2023-09-30T18:53:44 IST">
  <testcase classname="test.Day3" name="APILoginHomeLoan" time="0.024"/>
  <testcase classname="test.Day3" name="MobileLoginHomeLoan" time="0.007"/>
  <testcase classname="test.Day3" name="difffer" time="0.003"/>
  <testcase classname="test.Day3" name="webLoginHomeLoan" time="0.003"/>
  <testcase classname="test.Day3" name="webLoginHomeLoan" time="0.004"/>
  <testcase classname="test.Day3" name="webLoginHomeLoan" time="0.005"/>
</testsuite> <!-- Default test -->
