<?xml version="1.0" encoding="UTF-8"?>
<!-- Generated by org.testng.reporters.JUnitXMLReporter -->
<testsuite ignored="2" hostname="DESKTOP-4GSVHLM" failures="0" tests="8" name="Personal Loan" time="0.224" errors="0" timestamp="2023-10-01T18:59:10 IST">
  <testcase classname="test.Day1" name="secondTest" time="0.01"/>
  <testcase classname="test.Day2" name="ploan" time="0.005"/>
  <testcase classname="test.Day3" name="APILoginHomeLoan" time="0.006"/>
  <testcase classname="test.Day3" name="MobileLoginHomeLoan" time="0.009"/>
  <testcase classname="test.Day3" name="difffer" time="0.003"/>
  <testcase classname="test.Day3" name="webLoginHomeLoan" time="0.004"/>
  <testcase classname="test.Day3" name="webLoginHomeLoan" time="0.01"/>
  <testcase classname="test.Day3" name="webLoginHomeLoan" time="0.004"/>
  <testcase classname="test.Day1" name="difffer" time="0.0">
    <ignored/>
  </testcase> <!-- difffer -->
  <testcase classname="test.Day1" name="demo" time="0.0">
    <ignored/>
  </testcase> <!-- demo -->
</testsuite> <!-- Personal Loan -->
