<?xml version="1.0" encoding="UTF-8"?>
<!-- Generated by org.testng.reporters.JUnitXMLReporter -->
<testsuite ignored="10" hostname="DESKTOP-4GSVHLM" failures="0" tests="2" name="Regression" time="0.148" errors="0" timestamp="2023-09-30T00:01:30 IST">
  <testcase classname="test.Day1" name="difffer" time="0.019"/>
  <testcase classname="test.Day3" name="difffer" time="0.003"/>
  <testcase classname="test.Day1" name="demo" time="0.0">
    <ignored/>
  </testcase> <!-- demo -->
  <testcase classname="test.Day4" name="MobileLoginCarLoan" time="0.0">
    <ignored/>
  </testcase> <!-- MobileLoginCarLoan -->
  <testcase classname="test.Day4" name="webLogincarLoan" time="0.0">
    <ignored/>
  </testcase> <!-- webLogincarLoan -->
  <testcase classname="test.Day1" name="secondTest" time="0.0">
    <ignored/>
  </testcase> <!-- secondTest -->
  <testcase classname="test.Day4" name="MobileSignininCarLoan" time="0.0">
    <ignored/>
  </testcase> <!-- MobileSignininCarLoan -->
  <testcase classname="test.Day3" name="APILoginHomeLoan" time="0.0">
    <ignored/>
  </testcase> <!-- APILoginHomeLoan -->
  <testcase classname="test.Day4" name="APILoginCarLoan" time="0.0">
    <ignored/>
  </testcase> <!-- APILoginCarLoan -->
  <testcase classname="test.Day2" name="ploan" time="0.0">
    <ignored/>
  </testcase> <!-- ploan -->
  <testcase classname="test.Day3" name="MobileLoginHomeLoan" time="0.0">
    <ignored/>
  </testcase> <!-- MobileLoginHomeLoan -->
  <testcase classname="test.Day3" name="webLoginHomeLoan" time="0.0">
    <ignored/>
  </testcase> <!-- webLoginHomeLoan -->
</testsuite> <!-- Regression -->
